[debug] [2018-07-02T12:51:18.691Z] ----------------------------------------------------------------------
[debug] [2018-07-02T12:51:18.693Z] Command:       /usr/local/bin/node /usr/local/bin/firebase serve
[debug] [2018-07-02T12:51:18.693Z] CLI Version:   3.19.1
[debug] [2018-07-02T12:51:18.693Z] Platform:      darwin
[debug] [2018-07-02T12:51:18.693Z] Node Version:  v8.11.1
[debug] [2018-07-02T12:51:18.694Z] Time:          Mon Jul 02 2018 14:51:18 GMT+0200 (CEST)
[debug] [2018-07-02T12:51:18.694Z] ----------------------------------------------------------------------
[debug] 
[debug] [2018-07-02T12:51:18.704Z] > command requires scopes: ["email","openid","https://www.googleapis.com/auth/cloudplatformprojects.readonly","https://www.googleapis.com/auth/firebase","https://www.googleapis.com/auth/cloud-platform"]
[debug] [2018-07-02T12:51:18.704Z] > authorizing via signed-in user
[debug] [2018-07-02T12:51:18.706Z] >>> HTTP REQUEST GET https://admin.firebase.com/v1/projects/fir-test-project-711bd  
  
 Mon Jul 02 2018 14:51:18 GMT+0200 (CEST)
[debug] [2018-07-02T12:51:19.414Z] <<< HTTP RESPONSE 200
[debug] [2018-07-02T12:51:19.415Z] >>> HTTP REQUEST GET https://admin.firebase.com/v1/database/fir-test-project-711bd/tokens  
  
 Mon Jul 02 2018 14:51:19 GMT+0200 (CEST)
[debug] [2018-07-02T12:51:20.331Z] <<< HTTP RESPONSE 200
[debug] [2018-07-02T12:51:20.332Z] >>> HTTP REQUEST GET https://cloudresourcemanager.googleapis.com/v1/projects/fir-test-project-711bd  
  
 Mon Jul 02 2018 14:51:20 GMT+0200 (CEST)
[debug] [2018-07-02T12:51:21.300Z] <<< HTTP RESPONSE 200
[info] 
[info] === Serving from '/Users/stepvda/Firebase projects/Firebase test project'...
[info] 
[debug] [2018-07-02T12:51:21.303Z] >>> HTTP REQUEST GET https://mobilesdk-pa.googleapis.com/v1/projects/738652423036/clients/_:getWebAppConfig  
  
 Mon Jul 02 2018 14:51:21 GMT+0200 (CEST)
[debug] [2018-07-02T12:51:21.805Z] <<< HTTP RESPONSE 200
[info] i  hosting: Serving hosting files from: public
[info] ✔  hosting: Local server: http://localhost:5000

